commit a01e31eaed80af6aa418dbfd9a1ae5ed0a5ea6a0
Author: Spencer Sullivan <sas@fsullivans.net>
Date:   Wed Nov 7 19:11:25 2012 -0600

    Doxygen

commit 69d954422923af0f23c912efbdb4a29b98a5db4d
Author: Spencer Sullivan <sas@fsullivans.net>
Date:   Wed Nov 7 19:11:03 2012 -0600

    Added documentation

commit f6f88e5e7897b85f9a9eb4a64e144e31fe0822bb
Author: Spencer Sullivan <sas@fsullivans.net>
Date:   Wed Nov 7 18:59:00 2012 -0600

    UML Diagram

commit dd06461e96590fba5fc79d71f4faf33a6f719097
Author: Spencer Sullivan <sas@fsullivans.net>
Date:   Wed Nov 7 18:42:14 2012 -0600

    Fixed up my test

commit 0f91f677d7c614a6c7bad265b29ce533c5b37fd6
Author: Spencer Sullivan <sas@fsullivans.net>
Date:   Wed Nov 7 18:34:42 2012 -0600

    Gitignore File

commit 3ab060aa5f48c1edec9af037426cba40968b63d1
Author: Spencer Sullivan <sas@fsullivans.net>
Date:   Wed Nov 7 18:33:55 2012 -0600

    Finished writing tests for the entire thing

commit 00f93d60dfe3e74f69130cea61eb00147c88e01b
Author: Spencer Sullivan <sas@fsullivans.net>
Date:   Sun Oct 28 15:19:48 2012 -0500

    Added a README

commit d095d2afd2d2cf0d7b32aaca1fec4c067bdaca2b
Author: Spencer Sullivan <sas@fsullivans.net>
Date:   Sat Oct 27 13:44:12 2012 -0500

    Initial Commit